<?xml version="1.0" encoding="UTF-8"?>
<testng-results skipped="0" failed="0" ignored="0" total="1" passed="1">
  <reporter-output>
  </reporter-output>
  <suite name="Suite" duration-ms="14137" started-at="2021-03-15T17:49:26Z" finished-at="2021-03-15T17:49:40Z">
    <groups>
    </groups>
    <test name="Test" duration-ms="14137" started-at="2021-03-15T17:49:26Z" finished-at="2021-03-15T17:49:40Z">
      <class name="test.LoginTest">
        <test-method status="PASS" signature="setup()[pri:0, instance:test.LoginTest@a67c67e]" name="setup" is-config="true" duration-ms="2258" started-at="2021-03-15T17:49:26Z" finished-at="2021-03-15T17:49:28Z">
          <reporter-output>
          </reporter-output>
        </test-method> <!-- setup -->
        <test-method status="PASS" signature="signIn(java.lang.String, java.lang.String, java.lang.String)[pri:1, instance:test.LoginTest@a67c67e]" name="signIn" duration-ms="11856" started-at="2021-03-15T17:49:28Z" finished-at="2021-03-15T17:49:40Z">
          <params>
            <param index="0">
              <value>
                <![CDATA[https://demos.isotrain.com/MobileTest]]>
              </value>
            </param>
            <param index="1">
              <value>
                <![CDATA[100-01]]>
              </value>
            </param>
            <param index="2">
              <value>
                <![CDATA[a]]>
              </value>
            </param>
          </params>
          <reporter-output>
          </reporter-output>
        </test-method> <!-- signIn -->
      </class> <!-- test.LoginTest -->
    </test> <!-- Test -->
  </suite> <!-- Suite -->
</testng-results>
